<?xml version="1.0" encoding="UTF-8"?>
<!-- Generated by org.testng.reporters.JUnitReportReporter -->
<testsuite hostname="BHUKRK151728L" failures="0" tests="1" name="SeleniumDailyPratice.NewTest" time="0.021" errors="0" timestamp="2020-05-28T18:24:24 IST" skipped="0">
  <testcase classname="SeleniumDailyPratice.NewTest" name="f" time="0.021"/>
  <system-out/>
</testsuite> <!-- SeleniumDailyPratice.NewTest -->
