<?xml version="1.0" encoding="UTF-8"?>
<!-- Generated by org.testng.reporters.JUnitReportReporter -->
<testsuite hostname="BHUKRK151728L" failures="0" tests="1" name="stepByStepLearn.ReadPropFile" time="9.858" errors="0" timestamp="2020-06-06T21:36:19 IST" skipped="0">
  <testcase classname="stepByStepLearn.ReadPropFile" name="login" time="9.858"/>
  <system-out/>
</testsuite> <!-- stepByStepLearn.ReadPropFile -->
