<?xml version="1.0" encoding="UTF-8"?>
<!-- Generated by org.testng.reporters.JUnitReportReporter -->
<testsuite hostname="BHUKRK151728L" failures="0" tests="3" name="Selenium4.DataProviderConcept" time="73.489" errors="0" timestamp="2020-07-31T22:10:52 IST" skipped="0">
  <testcase classname="Selenium4.DataProviderConcept" name="test" time="25.630"/>
  <system-out/>
  <testcase classname="Selenium4.DataProviderConcept" name="test" time="23.474"/>
  <system-out/>
  <testcase classname="Selenium4.DataProviderConcept" name="test" time="24.385"/>
  <system-out/>
</testsuite> <!-- Selenium4.DataProviderConcept -->
