<?xml version="1.0" encoding="UTF-8"?>
<!-- Generated by org.testng.reporters.JUnitReportReporter -->
<testsuite hostname="BHUKRK151728L" failures="0" tests="2" name="Selenium4.Seleniumlear" time="61.978" errors="0" timestamp="2020-08-07T18:00:56 IST" skipped="0">
  <testcase classname="Selenium4.Seleniumlear" name="getdataread" time="29.229"/>
  <system-out/>
  <testcase classname="Selenium4.Seleniumlear" name="getdataread" time="32.749"/>
  <system-out/>
</testsuite> <!-- Selenium4.Seleniumlear -->
