<?xml version="1.0" encoding="UTF-8"?>
<!-- Generated by org.testng.reporters.JUnitReportReporter -->
<testsuite hostname="BHUKRK151728L" failures="0" tests="1" name="Selenium4.firstClass" time="22.421" errors="0" timestamp="2020-07-31T10:57:57 IST" skipped="0">
  <testcase classname="Selenium4.firstClass" name="excelReading" time="22.421"/>
  <system-out/>
</testsuite> <!-- Selenium4.firstClass -->
